<?xml version="1.0" encoding="UTF-8"?>
<!-- Generated by org.testng.reporters.JUnitReportReporter -->
<testsuite skipped="0" hostname="LAPTOP-VA2LRPBV" name="testcases.Login" tests="1" failures="0" timestamp="31 Oct 2020 11:32:29 GMT" time="17.758" errors="0">
  <testcase name="login" time="17.758" classname="testcases.Login"/>
</testsuite> <!-- testcases.Login -->
